{
  "stats": {
    "suites": 1,
    "tests": 8,
    "passes": 8,
    "pending": 0,
    "failures": 0,
    "start": "2025-12-02T14:27:49.824Z",
    "end": "2025-12-02T14:27:52.693Z",
    "duration": 2869,
    "testsRegistered": 8,
    "passPercent": 100,
    "pendingPercent": 0,
    "other": 0,
    "hasOther": false,
    "skipped": 0,
    "hasSkipped": false
  },
  "results": [
    {
      "uuid": "b030b227-2e11-4e02-9dca-cb8b495842d2",
      "title": "",
      "fullFile": "cypress/e2e/constructor.cy.tsx",
      "file": "cypress/e2e/constructor.cy.tsx",
      "beforeHooks": [],
      "afterHooks": [],
      "tests": [],
      "suites": [
        {
          "uuid": "1e8b6a21-b727-40e5-bb0e-9ed243afcee4",
          "title": "Конструктор бургера",
          "fullFile": "",
          "file": "",
          "beforeHooks": [],
          "afterHooks": [],
          "tests": [
            {
              "title": "должен загружать ингредиенты",
              "fullTitle": "Конструктор бургера должен загружать ингредиенты",
              "timedOut": null,
              "duration": 474,
              "state": "passed",
              "speed": "fast",
              "pass": true,
              "fail": false,
              "pending": false,
              "context": null,
              "code": "cy.contains('Краторная булка N-200i').should('be.visible');\ncy.contains('Биокотлета из марсианской Магнолии').should('be.visible');",
              "err": {},
              "uuid": "c2c7959a-a11c-4db8-a3df-9d59effe23f5",
              "parentUUID": "1e8b6a21-b727-40e5-bb0e-9ed243afcee4",
              "isHook": false,
              "skipped": false
            },
            {
              "title": "должен добавлять булку в конструктор",
              "fullTitle": "Конструктор бургера должен добавлять булку в конструктор",
              "timedOut": null,
              "duration": 243,
              "state": "passed",
              "speed": "fast",
              "pass": true,
              "fail": false,
              "pending": false,
              "context": null,
              "code": "// Находим ингредиент и кликаем на кнопку \"Добавить\"\ncy.contains('Краторная булка N-200i')\n    .parent()\n    .find('button')\n    .contains('Добавить')\n    .click();\n// Проверяем, что булка появилась в конструкторе (верх)\ncy.contains('Краторная булка N-200i (верх)').should('be.visible');\n// Проверяем, что булка появилась в конструкторе (низ)\ncy.contains('Краторная булка N-200i (низ)').should('be.visible');",
              "err": {},
              "uuid": "1cdc3448-17e6-4af0-85c6-d5a4be9cb7ec",
              "parentUUID": "1e8b6a21-b727-40e5-bb0e-9ed243afcee4",
              "isHook": false,
              "skipped": false
            },
            {
              "title": "должен добавлять начинку в конструктор",
              "fullTitle": "Конструктор бургера должен добавлять начинку в конструктор",
              "timedOut": null,
              "duration": 315,
              "state": "passed",
              "speed": "fast",
              "pass": true,
              "fail": false,
              "pending": false,
              "context": null,
              "code": "// Сначала добавляем булку\ncy.contains('Краторная булка N-200i')\n    .parent()\n    .find('button')\n    .contains('Добавить')\n    .click();\n// Затем добавляем начинку\ncy.contains('Биокотлета из марсианской Магнолии')\n    .parent()\n    .find('button')\n    .contains('Добавить')\n    .click();\n// Проверяем, что начинка появилась в конструкторе\ncy.contains('Биокотлета из марсианской Магнолии').should('be.visible');",
              "err": {},
              "uuid": "e35f42e3-8ea7-47d0-8b3a-33b10dd193d8",
              "parentUUID": "1e8b6a21-b727-40e5-bb0e-9ed243afcee4",
              "isHook": false,
              "skipped": false
            },
            {
              "title": "должен открывать модальное окно ингредиента при клике",
              "fullTitle": "Конструктор бургера должен открывать модальное окно ингредиента при клике",
              "timedOut": null,
              "duration": 205,
              "state": "passed",
              "speed": "fast",
              "pass": true,
              "fail": false,
              "pending": false,
              "context": null,
              "code": "// Кликаем на ингредиент (не на кнопку, а на сам элемент)\ncy.contains('Краторная булка N-200i').click();\n// Проверяем, что модальное окно открылось\ncy.contains('Детали ингредиента').should('be.visible');\ncy.contains('Краторная булка N-200i').should('be.visible');",
              "err": {},
              "uuid": "52d62969-f10c-4687-91c4-6cb023eb01c8",
              "parentUUID": "1e8b6a21-b727-40e5-bb0e-9ed243afcee4",
              "isHook": false,
              "skipped": false
            },
            {
              "title": "должен закрывать модальное окно по клику на крестик",
              "fullTitle": "Конструктор бургера должен закрывать модальное окно по клику на крестик",
              "timedOut": null,
              "duration": 289,
              "state": "passed",
              "speed": "fast",
              "pass": true,
              "fail": false,
              "pending": false,
              "context": null,
              "code": "// Открываем модальное окно\ncy.contains('Краторная булка N-200i').click();\ncy.contains('Детали ингредиента').should('be.visible');\n// Закрываем по крестику - ищем кнопку в заголовке модального окна\ncy.get('#modals').within(function () {\n    cy.get('button').first().click();\n});\n// Проверяем, что модальное окно закрылось\ncy.contains('Детали ингредиента').should('not.exist');",
              "err": {},
              "uuid": "0e2f11df-7358-4f03-aa4d-d01d078005f9",
              "parentUUID": "1e8b6a21-b727-40e5-bb0e-9ed243afcee4",
              "isHook": false,
              "skipped": false
            },
            {
              "title": "должен закрывать модальное окно по клику на оверлей",
              "fullTitle": "Конструктор бургера должен закрывать модальное окно по клику на оверлей",
              "timedOut": null,
              "duration": 330,
              "state": "passed",
              "speed": "fast",
              "pass": true,
              "fail": false,
              "pending": false,
              "context": null,
              "code": "// Открываем модальное окно\ncy.contains('Краторная булка N-200i').click();\ncy.contains('Детали ингредиента').should('be.visible');\n// Кликаем на оверлей - overlay рендерится последним внутри #modals\n// Ищем div, который не содержит текст модального окна (это overlay)\ncy.get('#modals')\n    .find('div')\n    .not(':contains(\"Детали ингредиента\")')\n    .not(':contains(\"Краторная булка\")')\n    .last()\n    .click({ force: true });\n// Проверяем, что модальное окно закрылось\ncy.contains('Детали ингредиента').should('not.exist');",
              "err": {},
              "uuid": "2fa6ac74-d78f-4943-bea7-0d66dd8b5665",
              "parentUUID": "1e8b6a21-b727-40e5-bb0e-9ed243afcee4",
              "isHook": false,
              "skipped": false
            },
            {
              "title": "должен создавать заказ",
              "fullTitle": "Конструктор бургера должен создавать заказ",
              "timedOut": null,
              "duration": 400,
              "state": "passed",
              "speed": "fast",
              "pass": true,
              "fail": false,
              "pending": false,
              "context": null,
              "code": "// Добавляем булку\ncy.contains('Краторная булка N-200i')\n    .parent()\n    .find('button')\n    .contains('Добавить')\n    .click();\n// Добавляем начинку\ncy.contains('Биокотлета из марсианской Магнолии')\n    .parent()\n    .find('button')\n    .contains('Добавить')\n    .click();\n// Нажимаем кнопку \"Оформить заказ\"\ncy.contains('Оформить заказ').click();\ncy.wait('@createOrder');\n// Проверяем, что модальное окно открылось с номером заказа\ncy.contains('12345').should('be.visible');\ncy.contains('идентификатор заказа').should('be.visible');",
              "err": {},
              "uuid": "59dc9314-2a8d-4474-991c-171cf9c74a47",
              "parentUUID": "1e8b6a21-b727-40e5-bb0e-9ed243afcee4",
              "isHook": false,
              "skipped": false
            },
            {
              "title": "должен закрывать модальное окно заказа и очищать конструктор",
              "fullTitle": "Конструктор бургера должен закрывать модальное окно заказа и очищать конструктор",
              "timedOut": null,
              "duration": 451,
              "state": "passed",
              "speed": "fast",
              "pass": true,
              "fail": false,
              "pending": false,
              "context": null,
              "code": "// Добавляем булку\ncy.contains('Краторная булка N-200i')\n    .parent()\n    .find('button')\n    .contains('Добавить')\n    .click();\n// Добавляем начинку\ncy.contains('Биокотлета из марсианской Магнолии')\n    .parent()\n    .find('button')\n    .contains('Добавить')\n    .click();\n// Нажимаем кнопку \"Оформить заказ\"\ncy.contains('Оформить заказ').click();\ncy.wait('@createOrder');\n// Проверяем, что модальное окно открылось\ncy.contains('12345').should('be.visible');\n// Закрываем модальное окно (клик по оверлею)\n// Overlay рендерится последним внутри #modals и не содержит текст заказа\ncy.get('#modals')\n    .find('div')\n    .not(':contains(\"12345\")')\n    .not(':contains(\"идентификатор\")')\n    .last()\n    .click({ force: true });\n// Проверяем, что модальное окно закрылось\ncy.contains('12345').should('not.exist');\n// Проверяем, что конструктор пуст\ncy.contains('Выберите булки').should('be.visible');\ncy.contains('Выберите начинку').should('be.visible');",
              "err": {},
              "uuid": "0d28a884-c7a5-4d70-8349-8221653520f4",
              "parentUUID": "1e8b6a21-b727-40e5-bb0e-9ed243afcee4",
              "isHook": false,
              "skipped": false
            }
          ],
          "suites": [],
          "passes": [
            "c2c7959a-a11c-4db8-a3df-9d59effe23f5",
            "1cdc3448-17e6-4af0-85c6-d5a4be9cb7ec",
            "e35f42e3-8ea7-47d0-8b3a-33b10dd193d8",
            "52d62969-f10c-4687-91c4-6cb023eb01c8",
            "0e2f11df-7358-4f03-aa4d-d01d078005f9",
            "2fa6ac74-d78f-4943-bea7-0d66dd8b5665",
            "59dc9314-2a8d-4474-991c-171cf9c74a47",
            "0d28a884-c7a5-4d70-8349-8221653520f4"
          ],
          "failures": [],
          "pending": [],
          "skipped": [],
          "duration": 2707,
          "root": false,
          "rootEmpty": false,
          "_timeout": 2000
        }
      ],
      "passes": [],
      "failures": [],
      "pending": [],
      "skipped": [],
      "duration": 0,
      "root": true,
      "rootEmpty": true,
      "_timeout": 2000
    }
  ],
  "meta": {
    "mocha": {
      "version": "7.0.1"
    },
    "mochawesome": {
      "options": {
        "quiet": false,
        "reportFilename": "mochawesome",
        "saveHtml": true,
        "saveJson": true,
        "consoleReporter": "spec",
        "useInlineDiffs": false,
        "code": true
      },
      "version": "7.1.4"
    },
    "marge": {
      "options": {
        "reportDir": "cypress/reports",
        "overwrite": false,
        "html": true,
        "json": true,
        "timestamp": "mmddyyyy_HHMMss"
      },
      "version": "6.3.2"
    }
  }
}