{
  "stats": {
    "suites": 1,
    "tests": 8,
    "passes": 8,
    "pending": 0,
    "failures": 0,
    "start": "2025-12-02T14:19:56.428Z",
    "end": "2025-12-02T14:19:59.488Z",
    "duration": 3060,
    "testsRegistered": 8,
    "passPercent": 100,
    "pendingPercent": 0,
    "other": 0,
    "hasOther": false,
    "skipped": 0,
    "hasSkipped": false
  },
  "results": [
    {
      "uuid": "ecb8d05b-e559-4c83-bac9-07e4bd5ac4e4",
      "title": "",
      "fullFile": "cypress/e2e/constructor.cy.tsx",
      "file": "cypress/e2e/constructor.cy.tsx",
      "beforeHooks": [],
      "afterHooks": [],
      "tests": [],
      "suites": [
        {
          "uuid": "6380b5c9-7e44-4984-a2d1-bdd0dbca8270",
          "title": "Конструктор бургера",
          "fullFile": "",
          "file": "",
          "beforeHooks": [],
          "afterHooks": [],
          "tests": [
            {
              "title": "должен загружать ингредиенты",
              "fullTitle": "Конструктор бургера должен загружать ингредиенты",
              "timedOut": null,
              "duration": 521,
              "state": "passed",
              "speed": "fast",
              "pass": true,
              "fail": false,
              "pending": false,
              "context": null,
              "code": "cy.contains('Краторная булка N-200i').should('be.visible');\ncy.contains('Биокотлета из марсианской Магнолии').should('be.visible');",
              "err": {},
              "uuid": "513c97e6-928f-4da3-bc72-78524cb763c1",
              "parentUUID": "6380b5c9-7e44-4984-a2d1-bdd0dbca8270",
              "isHook": false,
              "skipped": false
            },
            {
              "title": "должен добавлять булку в конструктор",
              "fullTitle": "Конструктор бургера должен добавлять булку в конструктор",
              "timedOut": null,
              "duration": 259,
              "state": "passed",
              "speed": "fast",
              "pass": true,
              "fail": false,
              "pending": false,
              "context": null,
              "code": "// Находим ингредиент и кликаем на кнопку \"Добавить\"\ncy.contains('Краторная булка N-200i')\n    .parent()\n    .find('button')\n    .contains('Добавить')\n    .click();\n// Проверяем, что булка появилась в конструкторе (верх)\ncy.contains('Краторная булка N-200i (верх)').should('be.visible');\n// Проверяем, что булка появилась в конструкторе (низ)\ncy.contains('Краторная булка N-200i (низ)').should('be.visible');",
              "err": {},
              "uuid": "7f501417-6fa2-4941-b14d-80bf050753d4",
              "parentUUID": "6380b5c9-7e44-4984-a2d1-bdd0dbca8270",
              "isHook": false,
              "skipped": false
            },
            {
              "title": "должен добавлять начинку в конструктор",
              "fullTitle": "Конструктор бургера должен добавлять начинку в конструктор",
              "timedOut": null,
              "duration": 326,
              "state": "passed",
              "speed": "fast",
              "pass": true,
              "fail": false,
              "pending": false,
              "context": null,
              "code": "// Сначала добавляем булку\ncy.contains('Краторная булка N-200i')\n    .parent()\n    .find('button')\n    .contains('Добавить')\n    .click();\n// Затем добавляем начинку\ncy.contains('Биокотлета из марсианской Магнолии')\n    .parent()\n    .find('button')\n    .contains('Добавить')\n    .click();\n// Проверяем, что начинка появилась в конструкторе\ncy.contains('Биокотлета из марсианской Магнолии').should('be.visible');",
              "err": {},
              "uuid": "05faba88-3c56-4e4f-8b59-b33aa3692a7a",
              "parentUUID": "6380b5c9-7e44-4984-a2d1-bdd0dbca8270",
              "isHook": false,
              "skipped": false
            },
            {
              "title": "должен открывать модальное окно ингредиента при клике",
              "fullTitle": "Конструктор бургера должен открывать модальное окно ингредиента при клике",
              "timedOut": null,
              "duration": 291,
              "state": "passed",
              "speed": "fast",
              "pass": true,
              "fail": false,
              "pending": false,
              "context": null,
              "code": "// Кликаем на ингредиент (не на кнопку, а на сам элемент)\ncy.contains('Краторная булка N-200i').click();\n// Проверяем, что модальное окно открылось\ncy.contains('Детали ингредиента').should('be.visible');\ncy.contains('Краторная булка N-200i').should('be.visible');",
              "err": {},
              "uuid": "3dd9383d-b2cf-48c3-a117-857d0308b8d9",
              "parentUUID": "6380b5c9-7e44-4984-a2d1-bdd0dbca8270",
              "isHook": false,
              "skipped": false
            },
            {
              "title": "должен закрывать модальное окно по клику на крестик",
              "fullTitle": "Конструктор бургера должен закрывать модальное окно по клику на крестик",
              "timedOut": null,
              "duration": 317,
              "state": "passed",
              "speed": "fast",
              "pass": true,
              "fail": false,
              "pending": false,
              "context": null,
              "code": "// Открываем модальное окно\ncy.contains('Краторная булка N-200i').click();\ncy.contains('Детали ингредиента').should('be.visible');\n// Закрываем по крестику - ищем кнопку в заголовке модального окна\ncy.get('#modals').within(function () {\n    cy.get('button').first().click();\n});\n// Проверяем, что модальное окно закрылось\ncy.contains('Детали ингредиента').should('not.exist');",
              "err": {},
              "uuid": "572be296-2305-4966-b616-ddce87d0c6c2",
              "parentUUID": "6380b5c9-7e44-4984-a2d1-bdd0dbca8270",
              "isHook": false,
              "skipped": false
            },
            {
              "title": "должен закрывать модальное окно по клику на оверлей",
              "fullTitle": "Конструктор бургера должен закрывать модальное окно по клику на оверлей",
              "timedOut": null,
              "duration": 280,
              "state": "passed",
              "speed": "fast",
              "pass": true,
              "fail": false,
              "pending": false,
              "context": null,
              "code": "// Открываем модальное окно\ncy.contains('Краторная булка N-200i').click();\ncy.contains('Детали ингредиента').should('be.visible');\n// Кликаем на оверлей - overlay рендерится последним внутри #modals\n// Ищем div, который не содержит текст модального окна (это overlay)\ncy.get('#modals')\n    .find('div')\n    .not(':contains(\"Детали ингредиента\")')\n    .not(':contains(\"Краторная булка\")')\n    .last()\n    .click({ force: true });\n// Проверяем, что модальное окно закрылось\ncy.contains('Детали ингредиента').should('not.exist');",
              "err": {},
              "uuid": "87ec7d1b-7c5d-4898-a6a7-dc4f8e5dfca0",
              "parentUUID": "6380b5c9-7e44-4984-a2d1-bdd0dbca8270",
              "isHook": false,
              "skipped": false
            },
            {
              "title": "должен создавать заказ",
              "fullTitle": "Конструктор бургера должен создавать заказ",
              "timedOut": null,
              "duration": 419,
              "state": "passed",
              "speed": "fast",
              "pass": true,
              "fail": false,
              "pending": false,
              "context": null,
              "code": "// Добавляем булку\ncy.contains('Краторная булка N-200i')\n    .parent()\n    .find('button')\n    .contains('Добавить')\n    .click();\n// Добавляем начинку\ncy.contains('Биокотлета из марсианской Магнолии')\n    .parent()\n    .find('button')\n    .contains('Добавить')\n    .click();\n// Нажимаем кнопку \"Оформить заказ\"\ncy.contains('Оформить заказ').click();\ncy.wait('@createOrder');\n// Проверяем, что модальное окно открылось с номером заказа\ncy.contains('12345').should('be.visible');\ncy.contains('идентификатор заказа').should('be.visible');",
              "err": {},
              "uuid": "2e5c756a-3f62-413c-ae82-40b21cc34916",
              "parentUUID": "6380b5c9-7e44-4984-a2d1-bdd0dbca8270",
              "isHook": false,
              "skipped": false
            },
            {
              "title": "должен закрывать модальное окно заказа и очищать конструктор",
              "fullTitle": "Конструктор бургера должен закрывать модальное окно заказа и очищать конструктор",
              "timedOut": null,
              "duration": 468,
              "state": "passed",
              "speed": "fast",
              "pass": true,
              "fail": false,
              "pending": false,
              "context": null,
              "code": "// Добавляем булку\ncy.contains('Краторная булка N-200i')\n    .parent()\n    .find('button')\n    .contains('Добавить')\n    .click();\n// Добавляем начинку\ncy.contains('Биокотлета из марсианской Магнолии')\n    .parent()\n    .find('button')\n    .contains('Добавить')\n    .click();\n// Нажимаем кнопку \"Оформить заказ\"\ncy.contains('Оформить заказ').click();\ncy.wait('@createOrder');\n// Проверяем, что модальное окно открылось\ncy.contains('12345').should('be.visible');\n// Закрываем модальное окно (клик по оверлею)\n// Overlay рендерится последним внутри #modals и не содержит текст заказа\ncy.get('#modals')\n    .find('div')\n    .not(':contains(\"12345\")')\n    .not(':contains(\"идентификатор\")')\n    .last()\n    .click({ force: true });\n// Проверяем, что модальное окно закрылось\ncy.contains('12345').should('not.exist');\n// Проверяем, что конструктор пуст\ncy.contains('Выберите булки').should('be.visible');\ncy.contains('Выберите начинку').should('be.visible');",
              "err": {},
              "uuid": "71899cf3-b7ed-4e38-9d5f-dcbbcb7a32e3",
              "parentUUID": "6380b5c9-7e44-4984-a2d1-bdd0dbca8270",
              "isHook": false,
              "skipped": false
            }
          ],
          "suites": [],
          "passes": [
            "513c97e6-928f-4da3-bc72-78524cb763c1",
            "7f501417-6fa2-4941-b14d-80bf050753d4",
            "05faba88-3c56-4e4f-8b59-b33aa3692a7a",
            "3dd9383d-b2cf-48c3-a117-857d0308b8d9",
            "572be296-2305-4966-b616-ddce87d0c6c2",
            "87ec7d1b-7c5d-4898-a6a7-dc4f8e5dfca0",
            "2e5c756a-3f62-413c-ae82-40b21cc34916",
            "71899cf3-b7ed-4e38-9d5f-dcbbcb7a32e3"
          ],
          "failures": [],
          "pending": [],
          "skipped": [],
          "duration": 2881,
          "root": false,
          "rootEmpty": false,
          "_timeout": 2000
        }
      ],
      "passes": [],
      "failures": [],
      "pending": [],
      "skipped": [],
      "duration": 0,
      "root": true,
      "rootEmpty": true,
      "_timeout": 2000
    }
  ],
  "meta": {
    "mocha": {
      "version": "7.0.1"
    },
    "mochawesome": {
      "options": {
        "quiet": false,
        "reportFilename": "mochawesome",
        "saveHtml": true,
        "saveJson": true,
        "consoleReporter": "spec",
        "useInlineDiffs": false,
        "code": true
      },
      "version": "7.1.4"
    },
    "marge": {
      "options": {
        "reportDir": "cypress/reports",
        "overwrite": false,
        "html": true,
        "json": true,
        "timestamp": "mmddyyyy_HHMMss"
      },
      "version": "6.3.2"
    }
  }
}