{
  "stats": {
    "suites": 1,
    "tests": 8,
    "passes": 6,
    "pending": 0,
    "failures": 2,
    "start": "2025-12-02T14:17:43.511Z",
    "end": "2025-12-02T14:17:55.051Z",
    "duration": 11540,
    "testsRegistered": 8,
    "passPercent": 75,
    "pendingPercent": 0,
    "other": 0,
    "hasOther": false,
    "skipped": 0,
    "hasSkipped": false
  },
  "results": [
    {
      "uuid": "4b226577-9bca-45de-8f89-4265150f1d7a",
      "title": "",
      "fullFile": "cypress/e2e/constructor.cy.tsx",
      "file": "cypress/e2e/constructor.cy.tsx",
      "beforeHooks": [],
      "afterHooks": [],
      "tests": [],
      "suites": [
        {
          "uuid": "dfb7d1e2-042a-448f-95b8-ac52c108ab1e",
          "title": "Конструктор бургера",
          "fullFile": "",
          "file": "",
          "beforeHooks": [],
          "afterHooks": [],
          "tests": [
            {
              "title": "должен загружать ингредиенты",
              "fullTitle": "Конструктор бургера должен загружать ингредиенты",
              "timedOut": null,
              "duration": 500,
              "state": "passed",
              "speed": "fast",
              "pass": true,
              "fail": false,
              "pending": false,
              "context": null,
              "code": "cy.contains('Краторная булка N-200i').should('be.visible');\ncy.contains('Биокотлета из марсианской Магнолии').should('be.visible');",
              "err": {},
              "uuid": "0c685e0a-c402-4d8e-8e2e-420a7d1b806a",
              "parentUUID": "dfb7d1e2-042a-448f-95b8-ac52c108ab1e",
              "isHook": false,
              "skipped": false
            },
            {
              "title": "должен добавлять булку в конструктор",
              "fullTitle": "Конструктор бургера должен добавлять булку в конструктор",
              "timedOut": null,
              "duration": 261,
              "state": "passed",
              "speed": "fast",
              "pass": true,
              "fail": false,
              "pending": false,
              "context": null,
              "code": "// Находим ингредиент и кликаем на кнопку \"Добавить\"\ncy.contains('Краторная булка N-200i')\n    .parent()\n    .find('button')\n    .contains('Добавить')\n    .click();\n// Проверяем, что булка появилась в конструкторе (верх)\ncy.contains('Краторная булка N-200i (верх)').should('be.visible');\n// Проверяем, что булка появилась в конструкторе (низ)\ncy.contains('Краторная булка N-200i (низ)').should('be.visible');",
              "err": {},
              "uuid": "bc54b76e-1765-48f1-93cc-db44f4e72c0e",
              "parentUUID": "dfb7d1e2-042a-448f-95b8-ac52c108ab1e",
              "isHook": false,
              "skipped": false
            },
            {
              "title": "должен добавлять начинку в конструктор",
              "fullTitle": "Конструктор бургера должен добавлять начинку в конструктор",
              "timedOut": null,
              "duration": 381,
              "state": "passed",
              "speed": "fast",
              "pass": true,
              "fail": false,
              "pending": false,
              "context": null,
              "code": "// Сначала добавляем булку\ncy.contains('Краторная булка N-200i')\n    .parent()\n    .find('button')\n    .contains('Добавить')\n    .click();\n// Затем добавляем начинку\ncy.contains('Биокотлета из марсианской Магнолии')\n    .parent()\n    .find('button')\n    .contains('Добавить')\n    .click();\n// Проверяем, что начинка появилась в конструкторе\ncy.contains('Биокотлета из марсианской Магнолии').should('be.visible');",
              "err": {},
              "uuid": "3baf61cb-74ec-4910-8620-99eb2c1cd72a",
              "parentUUID": "dfb7d1e2-042a-448f-95b8-ac52c108ab1e",
              "isHook": false,
              "skipped": false
            },
            {
              "title": "должен открывать модальное окно ингредиента при клике",
              "fullTitle": "Конструктор бургера должен открывать модальное окно ингредиента при клике",
              "timedOut": null,
              "duration": 250,
              "state": "passed",
              "speed": "fast",
              "pass": true,
              "fail": false,
              "pending": false,
              "context": null,
              "code": "// Кликаем на ингредиент (не на кнопку, а на сам элемент)\ncy.contains('Краторная булка N-200i').click();\n// Проверяем, что модальное окно открылось\ncy.contains('Детали ингредиента').should('be.visible');\ncy.contains('Краторная булка N-200i').should('be.visible');",
              "err": {},
              "uuid": "4311ae39-a499-48ab-b76e-16c89264dcaa",
              "parentUUID": "dfb7d1e2-042a-448f-95b8-ac52c108ab1e",
              "isHook": false,
              "skipped": false
            },
            {
              "title": "должен закрывать модальное окно по клику на крестик",
              "fullTitle": "Конструктор бургера должен закрывать модальное окно по клику на крестик",
              "timedOut": null,
              "duration": 336,
              "state": "passed",
              "speed": "fast",
              "pass": true,
              "fail": false,
              "pending": false,
              "context": null,
              "code": "// Открываем модальное окно\ncy.contains('Краторная булка N-200i').click();\ncy.contains('Детали ингредиента').should('be.visible');\n// Закрываем по крестику - ищем кнопку в заголовке модального окна\ncy.get('#modals').within(function () {\n    cy.get('button').first().click();\n});\n// Проверяем, что модальное окно закрылось\ncy.contains('Детали ингредиента').should('not.exist');",
              "err": {},
              "uuid": "856a2c41-1d90-4b3a-b043-3d55119aef75",
              "parentUUID": "dfb7d1e2-042a-448f-95b8-ac52c108ab1e",
              "isHook": false,
              "skipped": false
            },
            {
              "title": "должен закрывать модальное окно по клику на оверлей",
              "fullTitle": "Конструктор бургера должен закрывать модальное окно по клику на оверлей",
              "timedOut": null,
              "duration": 4525,
              "state": "failed",
              "speed": null,
              "pass": false,
              "fail": true,
              "pending": false,
              "context": null,
              "code": "// Открываем модальное окно\ncy.contains('Краторная булка N-200i').click();\ncy.contains('Детали ингредиента').should('be.visible');\n// Кликаем на оверлей - используем реальный DOM селектор\ncy.get('#modals').then(function ($modals) {\n    // Ищем первый div с position: fixed (это overlay)\n    var overlay = $modals.find('div').filter(function (_, el) {\n        var style = window.getComputedStyle(el);\n        return style.position === 'fixed';\n    }).first();\n    if (overlay.length > 0) {\n        cy.wrap(overlay).click({ force: true });\n    }\n    else {\n        // Если overlay не найден, используем клик по координатам\n        cy.get('body').click(100, 100, { force: true });\n    }\n});\n// Проверяем, что модальное окно закрылось\ncy.contains('Детали ингредиента').should('not.exist');",
              "err": {
                "message": "AssertionError: Timed out retrying after 4000ms: Expected not to find content: 'Детали ингредиента' but continuously found it.",
                "estack": "AssertionError: Timed out retrying after 4000ms: Expected not to find content: 'Детали ингредиента' but continuously found it.\n    at Context.eval (webpack://react-canonical/./cypress/e2e/constructor.cy.tsx:86:0)",
                "diff": null
              },
              "uuid": "49ab33a5-ba10-42c8-a91f-9eee6d3abfb8",
              "parentUUID": "dfb7d1e2-042a-448f-95b8-ac52c108ab1e",
              "isHook": false,
              "skipped": false
            },
            {
              "title": "должен создавать заказ",
              "fullTitle": "Конструктор бургера должен создавать заказ",
              "timedOut": null,
              "duration": 423,
              "state": "passed",
              "speed": "fast",
              "pass": true,
              "fail": false,
              "pending": false,
              "context": null,
              "code": "// Добавляем булку\ncy.contains('Краторная булка N-200i')\n    .parent()\n    .find('button')\n    .contains('Добавить')\n    .click();\n// Добавляем начинку\ncy.contains('Биокотлета из марсианской Магнолии')\n    .parent()\n    .find('button')\n    .contains('Добавить')\n    .click();\n// Нажимаем кнопку \"Оформить заказ\"\ncy.contains('Оформить заказ').click();\ncy.wait('@createOrder');\n// Проверяем, что модальное окно открылось с номером заказа\ncy.contains('12345').should('be.visible');\ncy.contains('идентификатор заказа').should('be.visible');",
              "err": {},
              "uuid": "fd13b3f3-cf98-49c5-8360-2955c682dbb5",
              "parentUUID": "dfb7d1e2-042a-448f-95b8-ac52c108ab1e",
              "isHook": false,
              "skipped": false
            },
            {
              "title": "должен закрывать модальное окно заказа и очищать конструктор",
              "fullTitle": "Конструктор бургера должен закрывать модальное окно заказа и очищать конструктор",
              "timedOut": null,
              "duration": 4685,
              "state": "failed",
              "speed": null,
              "pass": false,
              "fail": true,
              "pending": false,
              "context": null,
              "code": "// Добавляем булку\ncy.contains('Краторная булка N-200i')\n    .parent()\n    .find('button')\n    .contains('Добавить')\n    .click();\n// Добавляем начинку\ncy.contains('Биокотлета из марсианской Магнолии')\n    .parent()\n    .find('button')\n    .contains('Добавить')\n    .click();\n// Нажимаем кнопку \"Оформить заказ\"\ncy.contains('Оформить заказ').click();\ncy.wait('@createOrder');\n// Проверяем, что модальное окно открылось\ncy.contains('12345').should('be.visible');\n// Закрываем модальное окно (клик по оверлею)\ncy.get('#modals').then(function ($modals) {\n    var overlay = $modals.find('div').filter(function (_, el) {\n        var style = window.getComputedStyle(el);\n        return style.position === 'fixed';\n    }).first();\n    if (overlay.length > 0) {\n        cy.wrap(overlay).click({ force: true });\n    }\n    else {\n        cy.get('body').click(100, 100, { force: true });\n    }\n});\n// Проверяем, что модальное окно закрылось\ncy.contains('12345').should('not.exist');\n// Проверяем, что конструктор пуст\ncy.contains('Выберите булки').should('be.visible');\ncy.contains('Выберите начинку').should('be.visible');",
              "err": {
                "message": "AssertionError: Timed out retrying after 4000ms: Expected not to find content: '12345' but continuously found it.",
                "estack": "AssertionError: Timed out retrying after 4000ms: Expected not to find content: '12345' but continuously found it.\n    at Context.eval (webpack://react-canonical/./cypress/e2e/constructor.cy.tsx:140:0)",
                "diff": null
              },
              "uuid": "f0725587-d4a0-41ae-905a-3d1c5e9c2260",
              "parentUUID": "dfb7d1e2-042a-448f-95b8-ac52c108ab1e",
              "isHook": false,
              "skipped": false
            }
          ],
          "suites": [],
          "passes": [
            "0c685e0a-c402-4d8e-8e2e-420a7d1b806a",
            "bc54b76e-1765-48f1-93cc-db44f4e72c0e",
            "3baf61cb-74ec-4910-8620-99eb2c1cd72a",
            "4311ae39-a499-48ab-b76e-16c89264dcaa",
            "856a2c41-1d90-4b3a-b043-3d55119aef75",
            "fd13b3f3-cf98-49c5-8360-2955c682dbb5"
          ],
          "failures": [
            "49ab33a5-ba10-42c8-a91f-9eee6d3abfb8",
            "f0725587-d4a0-41ae-905a-3d1c5e9c2260"
          ],
          "pending": [],
          "skipped": [],
          "duration": 11361,
          "root": false,
          "rootEmpty": false,
          "_timeout": 2000
        }
      ],
      "passes": [],
      "failures": [],
      "pending": [],
      "skipped": [],
      "duration": 0,
      "root": true,
      "rootEmpty": true,
      "_timeout": 2000
    }
  ],
  "meta": {
    "mocha": {
      "version": "7.0.1"
    },
    "mochawesome": {
      "options": {
        "quiet": false,
        "reportFilename": "mochawesome",
        "saveHtml": true,
        "saveJson": true,
        "consoleReporter": "spec",
        "useInlineDiffs": false,
        "code": true
      },
      "version": "7.1.4"
    },
    "marge": {
      "options": {
        "reportDir": "cypress/reports",
        "overwrite": false,
        "html": true,
        "json": true,
        "timestamp": "mmddyyyy_HHMMss"
      },
      "version": "6.3.2"
    }
  }
}