{
  "stats": {
    "suites": 1,
    "tests": 8,
    "passes": 8,
    "pending": 0,
    "failures": 0,
    "start": "2025-12-02T14:20:08.050Z",
    "end": "2025-12-02T14:20:11.044Z",
    "duration": 2994,
    "testsRegistered": 8,
    "passPercent": 100,
    "pendingPercent": 0,
    "other": 0,
    "hasOther": false,
    "skipped": 0,
    "hasSkipped": false
  },
  "results": [
    {
      "uuid": "412d1edf-37c2-4228-adea-8067107aa437",
      "title": "",
      "fullFile": "cypress/e2e/constructor.cy.tsx",
      "file": "cypress/e2e/constructor.cy.tsx",
      "beforeHooks": [],
      "afterHooks": [],
      "tests": [],
      "suites": [
        {
          "uuid": "218a7e1e-7257-456c-8275-7a8372f403fa",
          "title": "Конструктор бургера",
          "fullFile": "",
          "file": "",
          "beforeHooks": [],
          "afterHooks": [],
          "tests": [
            {
              "title": "должен загружать ингредиенты",
              "fullTitle": "Конструктор бургера должен загружать ингредиенты",
              "timedOut": null,
              "duration": 509,
              "state": "passed",
              "speed": "fast",
              "pass": true,
              "fail": false,
              "pending": false,
              "context": null,
              "code": "cy.contains('Краторная булка N-200i').should('be.visible');\ncy.contains('Биокотлета из марсианской Магнолии').should('be.visible');",
              "err": {},
              "uuid": "bdcc4754-93bd-4bf9-aaa9-6b291b32c530",
              "parentUUID": "218a7e1e-7257-456c-8275-7a8372f403fa",
              "isHook": false,
              "skipped": false
            },
            {
              "title": "должен добавлять булку в конструктор",
              "fullTitle": "Конструктор бургера должен добавлять булку в конструктор",
              "timedOut": null,
              "duration": 243,
              "state": "passed",
              "speed": "fast",
              "pass": true,
              "fail": false,
              "pending": false,
              "context": null,
              "code": "// Находим ингредиент и кликаем на кнопку \"Добавить\"\ncy.contains('Краторная булка N-200i')\n    .parent()\n    .find('button')\n    .contains('Добавить')\n    .click();\n// Проверяем, что булка появилась в конструкторе (верх)\ncy.contains('Краторная булка N-200i (верх)').should('be.visible');\n// Проверяем, что булка появилась в конструкторе (низ)\ncy.contains('Краторная булка N-200i (низ)').should('be.visible');",
              "err": {},
              "uuid": "89be5703-efcc-49b8-a880-b3062c671810",
              "parentUUID": "218a7e1e-7257-456c-8275-7a8372f403fa",
              "isHook": false,
              "skipped": false
            },
            {
              "title": "должен добавлять начинку в конструктор",
              "fullTitle": "Конструктор бургера должен добавлять начинку в конструктор",
              "timedOut": null,
              "duration": 324,
              "state": "passed",
              "speed": "fast",
              "pass": true,
              "fail": false,
              "pending": false,
              "context": null,
              "code": "// Сначала добавляем булку\ncy.contains('Краторная булка N-200i')\n    .parent()\n    .find('button')\n    .contains('Добавить')\n    .click();\n// Затем добавляем начинку\ncy.contains('Биокотлета из марсианской Магнолии')\n    .parent()\n    .find('button')\n    .contains('Добавить')\n    .click();\n// Проверяем, что начинка появилась в конструкторе\ncy.contains('Биокотлета из марсианской Магнолии').should('be.visible');",
              "err": {},
              "uuid": "d0360b7f-f91a-4b2d-b9fc-6e9c3f8164d6",
              "parentUUID": "218a7e1e-7257-456c-8275-7a8372f403fa",
              "isHook": false,
              "skipped": false
            },
            {
              "title": "должен открывать модальное окно ингредиента при клике",
              "fullTitle": "Конструктор бургера должен открывать модальное окно ингредиента при клике",
              "timedOut": null,
              "duration": 246,
              "state": "passed",
              "speed": "fast",
              "pass": true,
              "fail": false,
              "pending": false,
              "context": null,
              "code": "// Кликаем на ингредиент (не на кнопку, а на сам элемент)\ncy.contains('Краторная булка N-200i').click();\n// Проверяем, что модальное окно открылось\ncy.contains('Детали ингредиента').should('be.visible');\ncy.contains('Краторная булка N-200i').should('be.visible');",
              "err": {},
              "uuid": "351360a0-93e6-4e0c-9403-48d80d48352b",
              "parentUUID": "218a7e1e-7257-456c-8275-7a8372f403fa",
              "isHook": false,
              "skipped": false
            },
            {
              "title": "должен закрывать модальное окно по клику на крестик",
              "fullTitle": "Конструктор бургера должен закрывать модальное окно по клику на крестик",
              "timedOut": null,
              "duration": 320,
              "state": "passed",
              "speed": "fast",
              "pass": true,
              "fail": false,
              "pending": false,
              "context": null,
              "code": "// Открываем модальное окно\ncy.contains('Краторная булка N-200i').click();\ncy.contains('Детали ингредиента').should('be.visible');\n// Закрываем по крестику - ищем кнопку в заголовке модального окна\ncy.get('#modals').within(function () {\n    cy.get('button').first().click();\n});\n// Проверяем, что модальное окно закрылось\ncy.contains('Детали ингредиента').should('not.exist');",
              "err": {},
              "uuid": "d426da74-e264-4551-a7ae-50f743f5691d",
              "parentUUID": "218a7e1e-7257-456c-8275-7a8372f403fa",
              "isHook": false,
              "skipped": false
            },
            {
              "title": "должен закрывать модальное окно по клику на оверлей",
              "fullTitle": "Конструктор бургера должен закрывать модальное окно по клику на оверлей",
              "timedOut": null,
              "duration": 287,
              "state": "passed",
              "speed": "fast",
              "pass": true,
              "fail": false,
              "pending": false,
              "context": null,
              "code": "// Открываем модальное окно\ncy.contains('Краторная булка N-200i').click();\ncy.contains('Детали ингредиента').should('be.visible');\n// Кликаем на оверлей - overlay рендерится последним внутри #modals\n// Ищем div, который не содержит текст модального окна (это overlay)\ncy.get('#modals')\n    .find('div')\n    .not(':contains(\"Детали ингредиента\")')\n    .not(':contains(\"Краторная булка\")')\n    .last()\n    .click({ force: true });\n// Проверяем, что модальное окно закрылось\ncy.contains('Детали ингредиента').should('not.exist');",
              "err": {},
              "uuid": "157accf1-4d6b-4677-8ff5-3dfc40ba6d0e",
              "parentUUID": "218a7e1e-7257-456c-8275-7a8372f403fa",
              "isHook": false,
              "skipped": false
            },
            {
              "title": "должен создавать заказ",
              "fullTitle": "Конструктор бургера должен создавать заказ",
              "timedOut": null,
              "duration": 414,
              "state": "passed",
              "speed": "fast",
              "pass": true,
              "fail": false,
              "pending": false,
              "context": null,
              "code": "// Добавляем булку\ncy.contains('Краторная булка N-200i')\n    .parent()\n    .find('button')\n    .contains('Добавить')\n    .click();\n// Добавляем начинку\ncy.contains('Биокотлета из марсианской Магнолии')\n    .parent()\n    .find('button')\n    .contains('Добавить')\n    .click();\n// Нажимаем кнопку \"Оформить заказ\"\ncy.contains('Оформить заказ').click();\ncy.wait('@createOrder');\n// Проверяем, что модальное окно открылось с номером заказа\ncy.contains('12345').should('be.visible');\ncy.contains('идентификатор заказа').should('be.visible');",
              "err": {},
              "uuid": "225203de-6e07-47db-97a6-39156e8ec7c6",
              "parentUUID": "218a7e1e-7257-456c-8275-7a8372f403fa",
              "isHook": false,
              "skipped": false
            },
            {
              "title": "должен закрывать модальное окно заказа и очищать конструктор",
              "fullTitle": "Конструктор бургера должен закрывать модальное окно заказа и очищать конструктор",
              "timedOut": null,
              "duration": 475,
              "state": "passed",
              "speed": "fast",
              "pass": true,
              "fail": false,
              "pending": false,
              "context": null,
              "code": "// Добавляем булку\ncy.contains('Краторная булка N-200i')\n    .parent()\n    .find('button')\n    .contains('Добавить')\n    .click();\n// Добавляем начинку\ncy.contains('Биокотлета из марсианской Магнолии')\n    .parent()\n    .find('button')\n    .contains('Добавить')\n    .click();\n// Нажимаем кнопку \"Оформить заказ\"\ncy.contains('Оформить заказ').click();\ncy.wait('@createOrder');\n// Проверяем, что модальное окно открылось\ncy.contains('12345').should('be.visible');\n// Закрываем модальное окно (клик по оверлею)\n// Overlay рендерится последним внутри #modals и не содержит текст заказа\ncy.get('#modals')\n    .find('div')\n    .not(':contains(\"12345\")')\n    .not(':contains(\"идентификатор\")')\n    .last()\n    .click({ force: true });\n// Проверяем, что модальное окно закрылось\ncy.contains('12345').should('not.exist');\n// Проверяем, что конструктор пуст\ncy.contains('Выберите булки').should('be.visible');\ncy.contains('Выберите начинку').should('be.visible');",
              "err": {},
              "uuid": "d4bd2b1b-1cdf-4d0b-a184-a25351837db6",
              "parentUUID": "218a7e1e-7257-456c-8275-7a8372f403fa",
              "isHook": false,
              "skipped": false
            }
          ],
          "suites": [],
          "passes": [
            "bdcc4754-93bd-4bf9-aaa9-6b291b32c530",
            "89be5703-efcc-49b8-a880-b3062c671810",
            "d0360b7f-f91a-4b2d-b9fc-6e9c3f8164d6",
            "351360a0-93e6-4e0c-9403-48d80d48352b",
            "d426da74-e264-4551-a7ae-50f743f5691d",
            "157accf1-4d6b-4677-8ff5-3dfc40ba6d0e",
            "225203de-6e07-47db-97a6-39156e8ec7c6",
            "d4bd2b1b-1cdf-4d0b-a184-a25351837db6"
          ],
          "failures": [],
          "pending": [],
          "skipped": [],
          "duration": 2818,
          "root": false,
          "rootEmpty": false,
          "_timeout": 2000
        }
      ],
      "passes": [],
      "failures": [],
      "pending": [],
      "skipped": [],
      "duration": 0,
      "root": true,
      "rootEmpty": true,
      "_timeout": 2000
    }
  ],
  "meta": {
    "mocha": {
      "version": "7.0.1"
    },
    "mochawesome": {
      "options": {
        "quiet": false,
        "reportFilename": "mochawesome",
        "saveHtml": true,
        "saveJson": true,
        "consoleReporter": "spec",
        "useInlineDiffs": false,
        "code": true
      },
      "version": "7.1.4"
    },
    "marge": {
      "options": {
        "reportDir": "cypress/reports",
        "overwrite": false,
        "html": true,
        "json": true,
        "timestamp": "mmddyyyy_HHMMss"
      },
      "version": "6.3.2"
    }
  }
}